[20-Nov-2024 12:21:24 UTC] PHP Parse error:  syntax error, unexpected token "echo", expecting "," or ";" in C:\Users\norde\Local Sites\jacobulvchristensen\app\public\wp-content\themes\jacobulvchristensen\index.php on line 82
[20-Nov-2024 12:25:24 UTC] PHP Parse error:  syntax error, unexpected token "echo", expecting "," or ";" in C:\Users\norde\Local Sites\jacobulvchristensen\app\public\wp-content\themes\jacobulvchristensen\index.php on line 82
[21-Nov-2024 09:08:11 UTC] PHP Warning:  Array to string conversion in C:\Users\norde\Local Sites\jacobulvchristensen\app\public\wp-content\plugins\advanced-custom-fields\includes\api\api-template.php on line 99
[21-Nov-2024 09:08:11 UTC] PHP Warning:  Array to string conversion in C:\Users\norde\Local Sites\jacobulvchristensen\app\public\wp-content\plugins\advanced-custom-fields\includes\api\api-template.php on line 115
[21-Nov-2024 09:24:30 UTC] PHP Warning:  Array to string conversion in C:\Users\norde\Local Sites\jacobulvchristensen\app\public\wp-content\plugins\advanced-custom-fields\includes\api\api-template.php on line 99
[21-Nov-2024 09:24:30 UTC] PHP Warning:  Array to string conversion in C:\Users\norde\Local Sites\jacobulvchristensen\app\public\wp-content\plugins\advanced-custom-fields\includes\api\api-template.php on line 115
[21-Nov-2024 09:30:26 UTC] PHP Warning:  Array to string conversion in C:\Users\norde\Local Sites\jacobulvchristensen\app\public\wp-content\plugins\advanced-custom-fields\includes\api\api-template.php on line 99
[21-Nov-2024 09:30:26 UTC] PHP Warning:  Array to string conversion in C:\Users\norde\Local Sites\jacobulvchristensen\app\public\wp-content\plugins\advanced-custom-fields\includes\api\api-template.php on line 115
[21-Nov-2024 09:31:30 UTC] PHP Warning:  Undefined variable $billede_under_overskrift in C:\Users\norde\Local Sites\jacobulvchristensen\app\public\wp-content\themes\jacobulvchristensen\page-grovfoder.php on line 24
[21-Nov-2024 09:31:30 UTC] PHP Warning:  Trying to access array offset on value of type null in C:\Users\norde\Local Sites\jacobulvchristensen\app\public\wp-content\themes\jacobulvchristensen\page-grovfoder.php on line 24
[21-Nov-2024 09:31:30 UTC] PHP Warning:  Undefined variable $billede_under_overskrift in C:\Users\norde\Local Sites\jacobulvchristensen\app\public\wp-content\themes\jacobulvchristensen\page-grovfoder.php on line 24
[21-Nov-2024 09:31:30 UTC] PHP Warning:  Trying to access array offset on value of type null in C:\Users\norde\Local Sites\jacobulvchristensen\app\public\wp-content\themes\jacobulvchristensen\page-grovfoder.php on line 24
[21-Nov-2024 09:43:47 UTC] PHP Warning:  Undefined variable $your_browser_does_not_support_video in C:\Users\norde\Local Sites\jacobulvchristensen\app\public\wp-content\themes\jacobulvchristensen\index.php on line 24
[21-Nov-2024 09:47:42 UTC] PHP Warning:  Undefined variable $your_browser_does_not_support_video in C:\Users\norde\Local Sites\jacobulvchristensen\app\public\wp-content\themes\jacobulvchristensen\index.php on line 24
[21-Nov-2024 09:48:59 UTC] PHP Warning:  Undefined variable $your_browser_does_not_support_video in C:\Users\norde\Local Sites\jacobulvchristensen\app\public\wp-content\themes\jacobulvchristensen\index.php on line 24
[21-Nov-2024 10:03:36 UTC] PHP Warning:  Undefined variable $your_browser_does_not_support_video in C:\Users\norde\Local Sites\jacobulvchristensen\app\public\wp-content\themes\jacobulvchristensen\index.php on line 24
[21-Nov-2024 10:38:06 UTC] PHP Warning:  Undefined variable $your_browser_does_not_support_video in C:\Users\norde\Local Sites\jacobulvchristensen\app\public\wp-content\themes\jacobulvchristensen\index.php on line 24
[21-Nov-2024 10:38:09 UTC] PHP Warning:  Undefined variable $your_browser_does_not_support_video in C:\Users\norde\Local Sites\jacobulvchristensen\app\public\wp-content\themes\jacobulvchristensen\index.php on line 24
[21-Nov-2024 10:38:19 UTC] PHP Warning:  Undefined variable $your_browser_does_not_support_video in C:\Users\norde\Local Sites\jacobulvchristensen\app\public\wp-content\themes\jacobulvchristensen\index.php on line 24
[21-Nov-2024 10:56:18 UTC] PHP Warning:  Undefined variable $your_browser_does_not_support_video in C:\Users\norde\Local Sites\jacobulvchristensen\app\public\wp-content\themes\jacobulvchristensen\index.php on line 24
[21-Nov-2024 10:58:07 UTC] PHP Warning:  Undefined variable $your_browser_does_not_support_video in C:\Users\norde\Local Sites\jacobulvchristensen\app\public\wp-content\themes\jacobulvchristensen\index.php on line 24
[21-Nov-2024 11:00:25 UTC] PHP Warning:  Undefined variable $your_browser_does_not_support_video in C:\Users\norde\Local Sites\jacobulvchristensen\app\public\wp-content\themes\jacobulvchristensen\index.php on line 24
[21-Nov-2024 11:09:10 UTC] PHP Warning:  Undefined variable $your_browser_does_not_support_video in C:\Users\norde\Local Sites\jacobulvchristensen\app\public\wp-content\themes\jacobulvchristensen\index.php on line 24
[21-Nov-2024 11:18:28 UTC] PHP Warning:  Undefined variable $your_browser_does_not_support_video in C:\Users\norde\Local Sites\jacobulvchristensen\app\public\wp-content\themes\jacobulvchristensen\index.php on line 24
[21-Nov-2024 11:22:40 UTC] PHP Warning:  Undefined variable $your_browser_does_not_support_video in C:\Users\norde\Local Sites\jacobulvchristensen\app\public\wp-content\themes\jacobulvchristensen\index.php on line 24
[21-Nov-2024 11:25:55 UTC] PHP Warning:  Undefined variable $your_browser_does_not_support_video in C:\Users\norde\Local Sites\jacobulvchristensen\app\public\wp-content\themes\jacobulvchristensen\index.php on line 24
[21-Nov-2024 11:32:10 UTC] PHP Warning:  Undefined variable $your_browser_does_not_support_video in C:\Users\norde\Local Sites\jacobulvchristensen\app\public\wp-content\themes\jacobulvchristensen\index.php on line 24
[21-Nov-2024 11:35:18 UTC] PHP Warning:  Undefined variable $your_browser_does_not_support_video in C:\Users\norde\Local Sites\jacobulvchristensen\app\public\wp-content\themes\jacobulvchristensen\index.php on line 24
[21-Nov-2024 11:37:06 UTC] PHP Warning:  Undefined variable $your_browser_does_not_support_video in C:\Users\norde\Local Sites\jacobulvchristensen\app\public\wp-content\themes\jacobulvchristensen\index.php on line 24
[21-Nov-2024 11:40:11 UTC] PHP Warning:  Undefined variable $your_browser_does_not_support_video in C:\Users\norde\Local Sites\jacobulvchristensen\app\public\wp-content\themes\jacobulvchristensen\index.php on line 24
[21-Nov-2024 11:43:38 UTC] PHP Warning:  Undefined variable $your_browser_does_not_support_video in C:\Users\norde\Local Sites\jacobulvchristensen\app\public\wp-content\themes\jacobulvchristensen\index.php on line 11
[21-Nov-2024 11:45:07 UTC] PHP Warning:  Undefined variable $your_browser_does_not_support_video in C:\Users\norde\Local Sites\jacobulvchristensen\app\public\wp-content\themes\jacobulvchristensen\index.php on line 23
[21-Nov-2024 11:47:21 UTC] PHP Warning:  Undefined variable $your_browser_does_not_support_video in C:\Users\norde\Local Sites\jacobulvchristensen\app\public\wp-content\themes\jacobulvchristensen\index.php on line 23
[21-Nov-2024 11:49:06 UTC] PHP Warning:  Undefined variable $your_browser_does_not_support_video in C:\Users\norde\Local Sites\jacobulvchristensen\app\public\wp-content\themes\jacobulvchristensen\index.php on line 23
[21-Nov-2024 11:49:12 UTC] PHP Warning:  Undefined variable $your_browser_does_not_support_video in C:\Users\norde\Local Sites\jacobulvchristensen\app\public\wp-content\themes\jacobulvchristensen\index.php on line 23
[21-Nov-2024 11:49:13 UTC] PHP Warning:  Undefined variable $your_browser_does_not_support_video in C:\Users\norde\Local Sites\jacobulvchristensen\app\public\wp-content\themes\jacobulvchristensen\index.php on line 23
[21-Nov-2024 11:49:14 UTC] PHP Warning:  Undefined variable $your_browser_does_not_support_video in C:\Users\norde\Local Sites\jacobulvchristensen\app\public\wp-content\themes\jacobulvchristensen\index.php on line 23
[21-Nov-2024 11:49:15 UTC] PHP Warning:  Undefined variable $your_browser_does_not_support_video in C:\Users\norde\Local Sites\jacobulvchristensen\app\public\wp-content\themes\jacobulvchristensen\index.php on line 23
[21-Nov-2024 11:49:15 UTC] PHP Warning:  Undefined variable $your_browser_does_not_support_video in C:\Users\norde\Local Sites\jacobulvchristensen\app\public\wp-content\themes\jacobulvchristensen\index.php on line 23
[21-Nov-2024 11:49:16 UTC] PHP Warning:  Undefined variable $your_browser_does_not_support_video in C:\Users\norde\Local Sites\jacobulvchristensen\app\public\wp-content\themes\jacobulvchristensen\index.php on line 23
[21-Nov-2024 11:49:16 UTC] PHP Warning:  Undefined variable $your_browser_does_not_support_video in C:\Users\norde\Local Sites\jacobulvchristensen\app\public\wp-content\themes\jacobulvchristensen\index.php on line 23
[21-Nov-2024 11:50:13 UTC] PHP Warning:  Undefined variable $your_browser_does_not_support_video in C:\Users\norde\Local Sites\jacobulvchristensen\app\public\wp-content\themes\jacobulvchristensen\index.php on line 23
[21-Nov-2024 11:51:01 UTC] PHP Warning:  Undefined variable $your_browser_does_not_support_video in C:\Users\norde\Local Sites\jacobulvchristensen\app\public\wp-content\themes\jacobulvchristensen\index.php on line 23
[21-Nov-2024 12:10:09 UTC] PHP Warning:  Undefined variable $your_browser_does_not_support_video in C:\Users\norde\Local Sites\jacobulvchristensen\app\public\wp-content\themes\jacobulvchristensen\index.php on line 23
[21-Nov-2024 12:10:59 UTC] PHP Warning:  Undefined variable $your_browser_does_not_support_video in C:\Users\norde\Local Sites\jacobulvchristensen\app\public\wp-content\themes\jacobulvchristensen\index.php on line 23
[21-Nov-2024 12:11:07 UTC] PHP Warning:  Undefined variable $your_browser_does_not_support_video in C:\Users\norde\Local Sites\jacobulvchristensen\app\public\wp-content\themes\jacobulvchristensen\index.php on line 23
[21-Nov-2024 12:11:26 UTC] PHP Warning:  Undefined variable $your_browser_does_not_support_video in C:\Users\norde\Local Sites\jacobulvchristensen\app\public\wp-content\themes\jacobulvchristensen\index.php on line 23
[21-Nov-2024 12:12:41 UTC] PHP Warning:  Undefined variable $your_browser_does_not_support_video in C:\Users\norde\Local Sites\jacobulvchristensen\app\public\wp-content\themes\jacobulvchristensen\index.php on line 23
[21-Nov-2024 12:13:33 UTC] PHP Warning:  Undefined variable $your_browser_does_not_support_video in C:\Users\norde\Local Sites\jacobulvchristensen\app\public\wp-content\themes\jacobulvchristensen\index.php on line 23
[21-Nov-2024 12:37:09 UTC] PHP Warning:  Undefined variable $your_browser_does_not_support_video in C:\Users\norde\Local Sites\jacobulvchristensen\app\public\wp-content\themes\jacobulvchristensen\index.php on line 23
[21-Nov-2024 12:38:26 UTC] PHP Warning:  Undefined variable $your_browser_does_not_support_video in C:\Users\norde\Local Sites\jacobulvchristensen\app\public\wp-content\themes\jacobulvchristensen\index.php on line 23
[21-Nov-2024 12:38:37 UTC] PHP Warning:  Undefined variable $your_browser_does_not_support_video in C:\Users\norde\Local Sites\jacobulvchristensen\app\public\wp-content\themes\jacobulvchristensen\index.php on line 23
[21-Nov-2024 12:46:14 UTC] PHP Warning:  Undefined variable $your_browser_does_not_support_video in C:\Users\norde\Local Sites\jacobulvchristensen\app\public\wp-content\themes\jacobulvchristensen\index.php on line 23
[22-Nov-2024 05:24:58 UTC] PHP Warning:  Undefined variable $your_browser_does_not_support_video in C:\Users\norde\Local Sites\jacobulvchristensen\app\public\wp-content\themes\jacobulvchristensen\index.php on line 23
[22-Nov-2024 05:25:01 UTC] PHP Warning:  Undefined variable $your_browser_does_not_support_video in C:\Users\norde\Local Sites\jacobulvchristensen\app\public\wp-content\themes\jacobulvchristensen\index.php on line 23
[22-Nov-2024 05:26:03 UTC] PHP Warning:  Undefined variable $your_browser_does_not_support_video in C:\Users\norde\Local Sites\jacobulvchristensen\app\public\wp-content\themes\jacobulvchristensen\index.php on line 23
[22-Nov-2024 05:34:37 UTC] PHP Warning:  Undefined variable $your_browser_does_not_support_video in C:\Users\norde\Local Sites\jacobulvchristensen\app\public\wp-content\themes\jacobulvchristensen\index.php on line 24
[22-Nov-2024 05:34:58 UTC] PHP Warning:  Undefined variable $your_browser_does_not_support_video in C:\Users\norde\Local Sites\jacobulvchristensen\app\public\wp-content\themes\jacobulvchristensen\index.php on line 24
[22-Nov-2024 05:35:40 UTC] PHP Warning:  Undefined variable $your_browser_does_not_support_video in C:\Users\norde\Local Sites\jacobulvchristensen\app\public\wp-content\themes\jacobulvchristensen\index.php on line 24
[22-Nov-2024 05:36:10 UTC] PHP Warning:  Undefined variable $your_browser_does_not_support_video in C:\Users\norde\Local Sites\jacobulvchristensen\app\public\wp-content\themes\jacobulvchristensen\index.php on line 24
[22-Nov-2024 05:36:49 UTC] PHP Warning:  Undefined variable $your_browser_does_not_support_video in C:\Users\norde\Local Sites\jacobulvchristensen\app\public\wp-content\themes\jacobulvchristensen\index.php on line 24
[22-Nov-2024 05:37:20 UTC] PHP Warning:  Undefined variable $your_browser_does_not_support_video in C:\Users\norde\Local Sites\jacobulvchristensen\app\public\wp-content\themes\jacobulvchristensen\index.php on line 24
[22-Nov-2024 05:39:33 UTC] PHP Warning:  Undefined variable $your_browser_does_not_support_video in C:\Users\norde\Local Sites\jacobulvchristensen\app\public\wp-content\themes\jacobulvchristensen\index.php on line 24
[22-Nov-2024 05:40:05 UTC] PHP Warning:  Undefined variable $your_browser_does_not_support_video in C:\Users\norde\Local Sites\jacobulvchristensen\app\public\wp-content\themes\jacobulvchristensen\index.php on line 24
[22-Nov-2024 05:40:34 UTC] PHP Warning:  Undefined variable $your_browser_does_not_support_video in C:\Users\norde\Local Sites\jacobulvchristensen\app\public\wp-content\themes\jacobulvchristensen\index.php on line 24
[22-Nov-2024 05:41:05 UTC] PHP Warning:  Undefined variable $your_browser_does_not_support_video in C:\Users\norde\Local Sites\jacobulvchristensen\app\public\wp-content\themes\jacobulvchristensen\index.php on line 24
[22-Nov-2024 05:41:27 UTC] PHP Warning:  Undefined variable $your_browser_does_not_support_video in C:\Users\norde\Local Sites\jacobulvchristensen\app\public\wp-content\themes\jacobulvchristensen\index.php on line 24
[22-Nov-2024 05:41:36 UTC] PHP Warning:  Undefined variable $your_browser_does_not_support_video in C:\Users\norde\Local Sites\jacobulvchristensen\app\public\wp-content\themes\jacobulvchristensen\index.php on line 24
[22-Nov-2024 05:41:43 UTC] PHP Warning:  Undefined variable $your_browser_does_not_support_video in C:\Users\norde\Local Sites\jacobulvchristensen\app\public\wp-content\themes\jacobulvchristensen\index.php on line 24
[22-Nov-2024 05:42:24 UTC] PHP Warning:  Undefined variable $your_browser_does_not_support_video in C:\Users\norde\Local Sites\jacobulvchristensen\app\public\wp-content\themes\jacobulvchristensen\index.php on line 24
[22-Nov-2024 05:50:31 UTC] PHP Warning:  Undefined variable $your_browser_does_not_support_video in C:\Users\norde\Local Sites\jacobulvchristensen\app\public\wp-content\themes\jacobulvchristensen\index.php on line 24
[22-Nov-2024 05:50:50 UTC] PHP Warning:  Undefined variable $your_browser_does_not_support_video in C:\Users\norde\Local Sites\jacobulvchristensen\app\public\wp-content\themes\jacobulvchristensen\index.php on line 24
[22-Nov-2024 05:50:59 UTC] PHP Warning:  Undefined variable $your_browser_does_not_support_video in C:\Users\norde\Local Sites\jacobulvchristensen\app\public\wp-content\themes\jacobulvchristensen\index.php on line 24
[22-Nov-2024 05:51:12 UTC] PHP Warning:  Undefined variable $your_browser_does_not_support_video in C:\Users\norde\Local Sites\jacobulvchristensen\app\public\wp-content\themes\jacobulvchristensen\index.php on line 24
[22-Nov-2024 05:51:17 UTC] PHP Warning:  Undefined variable $your_browser_does_not_support_video in C:\Users\norde\Local Sites\jacobulvchristensen\app\public\wp-content\themes\jacobulvchristensen\index.php on line 24
[22-Nov-2024 05:51:23 UTC] PHP Warning:  Undefined variable $your_browser_does_not_support_video in C:\Users\norde\Local Sites\jacobulvchristensen\app\public\wp-content\themes\jacobulvchristensen\index.php on line 24
[22-Nov-2024 05:52:06 UTC] PHP Warning:  Undefined variable $your_browser_does_not_support_video in C:\Users\norde\Local Sites\jacobulvchristensen\app\public\wp-content\themes\jacobulvchristensen\index.php on line 24
[22-Nov-2024 05:52:14 UTC] PHP Warning:  Undefined variable $your_browser_does_not_support_video in C:\Users\norde\Local Sites\jacobulvchristensen\app\public\wp-content\themes\jacobulvchristensen\index.php on line 24
[22-Nov-2024 06:13:15 UTC] PHP Warning:  Undefined variable $your_browser_does_not_support_video in C:\Users\norde\Local Sites\jacobulvchristensen\app\public\wp-content\themes\jacobulvchristensen\index.php on line 24
[22-Nov-2024 06:15:47 UTC] PHP Warning:  Undefined variable $your_browser_does_not_support_video in C:\Users\norde\Local Sites\jacobulvchristensen\app\public\wp-content\themes\jacobulvchristensen\index.php on line 24
[22-Nov-2024 06:16:38 UTC] PHP Warning:  Undefined variable $your_browser_does_not_support_video in C:\Users\norde\Local Sites\jacobulvchristensen\app\public\wp-content\themes\jacobulvchristensen\index.php on line 24
[22-Nov-2024 06:17:44 UTC] PHP Warning:  Undefined variable $your_browser_does_not_support_video in C:\Users\norde\Local Sites\jacobulvchristensen\app\public\wp-content\themes\jacobulvchristensen\index.php on line 24
[22-Nov-2024 06:18:13 UTC] PHP Warning:  Undefined variable $your_browser_does_not_support_video in C:\Users\norde\Local Sites\jacobulvchristensen\app\public\wp-content\themes\jacobulvchristensen\index.php on line 24
[22-Nov-2024 06:18:36 UTC] PHP Warning:  Undefined variable $your_browser_does_not_support_video in C:\Users\norde\Local Sites\jacobulvchristensen\app\public\wp-content\themes\jacobulvchristensen\index.php on line 24
[22-Nov-2024 06:19:06 UTC] PHP Warning:  Undefined variable $your_browser_does_not_support_video in C:\Users\norde\Local Sites\jacobulvchristensen\app\public\wp-content\themes\jacobulvchristensen\index.php on line 24
[22-Nov-2024 06:19:24 UTC] PHP Warning:  Undefined variable $your_browser_does_not_support_video in C:\Users\norde\Local Sites\jacobulvchristensen\app\public\wp-content\themes\jacobulvchristensen\index.php on line 24
[22-Nov-2024 06:19:38 UTC] PHP Warning:  Undefined variable $your_browser_does_not_support_video in C:\Users\norde\Local Sites\jacobulvchristensen\app\public\wp-content\themes\jacobulvchristensen\index.php on line 24
[22-Nov-2024 06:20:32 UTC] PHP Warning:  Undefined variable $your_browser_does_not_support_video in C:\Users\norde\Local Sites\jacobulvchristensen\app\public\wp-content\themes\jacobulvchristensen\index.php on line 24
[22-Nov-2024 06:20:45 UTC] PHP Warning:  Undefined variable $your_browser_does_not_support_video in C:\Users\norde\Local Sites\jacobulvchristensen\app\public\wp-content\themes\jacobulvchristensen\index.php on line 24
[22-Nov-2024 06:20:53 UTC] PHP Warning:  Undefined variable $your_browser_does_not_support_video in C:\Users\norde\Local Sites\jacobulvchristensen\app\public\wp-content\themes\jacobulvchristensen\index.php on line 24
[22-Nov-2024 06:21:37 UTC] PHP Warning:  Undefined variable $your_browser_does_not_support_video in C:\Users\norde\Local Sites\jacobulvchristensen\app\public\wp-content\themes\jacobulvchristensen\index.php on line 24
[22-Nov-2024 06:23:44 UTC] PHP Warning:  Undefined variable $your_browser_does_not_support_video in C:\Users\norde\Local Sites\jacobulvchristensen\app\public\wp-content\themes\jacobulvchristensen\index.php on line 24
[22-Nov-2024 06:32:14 UTC] PHP Warning:  Undefined variable $your_browser_does_not_support_video in C:\Users\norde\Local Sites\jacobulvchristensen\app\public\wp-content\themes\jacobulvchristensen\index.php on line 24
[22-Nov-2024 06:33:16 UTC] PHP Warning:  Undefined variable $your_browser_does_not_support_video in C:\Users\norde\Local Sites\jacobulvchristensen\app\public\wp-content\themes\jacobulvchristensen\index.php on line 24
[22-Nov-2024 06:39:10 UTC] PHP Warning:  Undefined variable $your_browser_does_not_support_video in C:\Users\norde\Local Sites\jacobulvchristensen\app\public\wp-content\themes\jacobulvchristensen\index.php on line 24
[22-Nov-2024 13:52:26 UTC] PHP Warning:  Undefined variable $your_browser_does_not_support_video in C:\Users\norde\Local Sites\jacobulvchristensen\app\public\wp-content\themes\jacobulvchristensen\index.php on line 24
[22-Nov-2024 13:52:30 UTC] PHP Warning:  Undefined variable $your_browser_does_not_support_video in C:\Users\norde\Local Sites\jacobulvchristensen\app\public\wp-content\themes\jacobulvchristensen\index.php on line 24
